00000000:_external_
 00000000:_external_
  00401999:start
   00406785:___security_init_cookie
   0040181e:___tmainCRTStartup
    004020e0:__SEH_prolog4
    00406738:sub_406738
    00406413:__heap_init
    00406380:__mtinit
     00401639:__init_pointers
      00405632:sub_405632
      00401ac8:sub_401AC8
      0040563f:sub_40563F
      00405659:__initp_misc_winsig
      004055fb:__initp_eh_hooks
      0040586a:sub_40586A
     00404bd1:__mtinitlocks
      00404c9d:___crtInitializeCriticalSectionEx
      00404c9d:___crtInitializeCriticalSectionEx
      00404c9d:___crtInitializeCriticalSectionEx
      00404c9d:___crtInitializeCriticalSectionEx
      00404c9d:___crtInitializeCriticalSectionEx
      00404c9d:___crtInitializeCriticalSectionEx
      00404c9d:___crtInitializeCriticalSectionEx
      00404c9d:___crtInitializeCriticalSectionEx
      00404c9d:___crtInitializeCriticalSectionEx
      00404c9d:___crtInitializeCriticalSectionEx
      00404c9d:___crtInitializeCriticalSectionEx
      00404c9d:___crtInitializeCriticalSectionEx
      00404c9d:___crtInitializeCriticalSectionEx
      00404c9d:___crtInitializeCriticalSectionEx
     00404c1f:___crtFlsAlloc
     00405481:__calloc_crt
      004095a1:__calloc_impl
     00404c7b:___crtFlsSetValue
     004062cd:__initptd
      004020e0:__SEH_prolog4
      00404aa0:__lock
      00404c0a:__unlock
      00404aa0:__lock
      00407f78:___addlocaleref
      00404c0a:__unlock
      00402125:__SEH_epilog4
    00404a60:sub_404A60
    00403a69:__ioinit
     004020e0:__SEH_prolog4
     00404aa0:__lock
      00404b28:__mtinitlocknum
       004020e0:__SEH_prolog4
       004054c9:__malloc_crt
        004093fb:_malloc
       00404aa0:__lock
       00404c9d:___crtInitializeCriticalSectionEx
       00404c0a:__unlock
       00402125:__SEH_epilog4
     00405481:__calloc_crt
      004095a1:__calloc_impl
     00404c9d:___crtInitializeCriticalSectionEx
     00404c9d:___crtInitializeCriticalSectionEx
     00404c9d:___crtInitializeCriticalSectionEx
     00404c0a:__unlock
     00402125:__SEH_epilog4
    00406821:___crtGetEnvironmentStringsA
     004054c9:__malloc_crt
      004093fb:_malloc
    00406428:__setargv
     00405877:___initmbctable
      00405bd4:__setmbcp
       004020e0:__SEH_prolog4
       00406246:__getptd
        0040625e:__getptd_noexit
         00404c5c:___crtFlsGetValue
       00405b2e:___updatetmbcinfo
        004020e0:__SEH_prolog4
        00406246:__getptd
         0040625e:__getptd_noexit
          00404c5c:___crtFlsGetValue
        00404aa0:__lock
        00404c0a:__unlock
        00402125:__SEH_epilog4
       004058cf:getSystemCP
        004027c2:_LocaleUpdate::_LocaleUpdate
         00406246:__getptd
          0040625e:__getptd_noexit
           00404c5c:___crtFlsGetValue
       004054c9:__malloc_crt
        004093fb:_malloc
       00405d7c:__setmbcp_nolock
        004058cf:getSystemCP
         004027c2:_LocaleUpdate::_LocaleUpdate
          00406246:__getptd
           0040625e:__getptd_noexit
            00404c5c:___crtFlsGetValue
        004068d0:_memset
        0040599c:setSBUpLow
         00409af9:___crtGetStringTypeA
          004027c2:_LocaleUpdate::_LocaleUpdate
           00406246:__getptd
            0040625e:__getptd_noexit
             00404c5c:___crtFlsGetValue
          00409a01:__crtGetStringTypeA_stat
           0040b9b0:__alloca_probe_16
            0040a130:__alloca_probe
           004068d0:_memset
           00409667:__freea
           004068b6:__security_check_cookie
         004099bb:___crtLCMapStringA
          004027c2:_LocaleUpdate::_LocaleUpdate
           00406246:__getptd
            0040625e:__getptd_noexit
             00404c5c:___crtFlsGetValue
          004097b7:__crtLCMapStringA_stat
           0040b9b0:__alloca_probe_16
            0040a130:__alloca_probe
           004096fd:___crtLCMapStringEx
           0040b9b0:__alloca_probe_16
            0040a130:__alloca_probe
           004096fd:___crtLCMapStringEx
           00409667:__freea
           00409667:__freea
           004068b6:__security_check_cookie
         004099bb:___crtLCMapStringA
          004027c2:_LocaleUpdate::_LocaleUpdate
           00406246:__getptd
            0040625e:__getptd_noexit
             00404c5c:___crtFlsGetValue
          004097b7:__crtLCMapStringA_stat
           0040b9b0:__alloca_probe_16
            0040a130:__alloca_probe
           004096fd:___crtLCMapStringEx
           0040b9b0:__alloca_probe_16
            0040a130:__alloca_probe
           004096fd:___crtLCMapStringEx
           00409667:__freea
           00409667:__freea
           004068b6:__security_check_cookie
         004068b6:__security_check_cookie
        004068b6:__security_check_cookie
       00404aa0:__lock
       00404c0a:__unlock
       00402125:__SEH_epilog4
     004064db:_parse_cmdline
      00409b93:__ismbblead
       00409b39:x_ismbbtype_l
        004027c2:_LocaleUpdate::_LocaleUpdate
         00406246:__getptd
          0040625e:__getptd_noexit
           00404c5c:___crtFlsGetValue
      00409b93:__ismbblead
       00409b39:x_ismbbtype_l
        004027c2:_LocaleUpdate::_LocaleUpdate
         00406246:__getptd
          0040625e:__getptd_noexit
           00404c5c:___crtFlsGetValue
      00409b93:__ismbblead
       00409b39:x_ismbbtype_l
        004027c2:_LocaleUpdate::_LocaleUpdate
         00406246:__getptd
          0040625e:__getptd_noexit
           00404c5c:___crtFlsGetValue
      00409b93:__ismbblead
       00409b39:x_ismbbtype_l
        004027c2:_LocaleUpdate::_LocaleUpdate
         00406246:__getptd
          0040625e:__getptd_noexit
           00404c5c:___crtFlsGetValue
      00409b93:__ismbblead
       00409b39:x_ismbbtype_l
        004027c2:_LocaleUpdate::_LocaleUpdate
         00406246:__getptd
          0040625e:__getptd_noexit
           00404c5c:___crtFlsGetValue
      00409b93:__ismbblead
       00409b39:x_ismbbtype_l
        004027c2:_LocaleUpdate::_LocaleUpdate
         00406246:__getptd
          0040625e:__getptd_noexit
           00404c5c:___crtFlsGetValue
      00409b93:__ismbblead
       00409b39:x_ismbbtype_l
        004027c2:_LocaleUpdate::_LocaleUpdate
         00406246:__getptd
          0040625e:__getptd_noexit
           00404c5c:___crtFlsGetValue
      00409b93:__ismbblead
       00409b39:x_ismbbtype_l
        004027c2:_LocaleUpdate::_LocaleUpdate
         00406246:__getptd
          0040625e:__getptd_noexit
           00404c5c:___crtFlsGetValue
      00409b93:__ismbblead
       00409b39:x_ismbbtype_l
        004027c2:_LocaleUpdate::_LocaleUpdate
         00406246:__getptd
          0040625e:__getptd_noexit
           00404c5c:___crtFlsGetValue
      00409b93:__ismbblead
       00409b39:x_ismbbtype_l
        004027c2:_LocaleUpdate::_LocaleUpdate
         00406246:__getptd
          0040625e:__getptd_noexit
           00404c5c:___crtFlsGetValue
      00409b93:__ismbblead
       00409b39:x_ismbbtype_l
        004027c2:_LocaleUpdate::_LocaleUpdate
         00406246:__getptd
          0040625e:__getptd_noexit
           00404c5c:___crtFlsGetValue
      00409b93:__ismbblead
       00409b39:x_ismbbtype_l
        004027c2:_LocaleUpdate::_LocaleUpdate
         00406246:__getptd
          0040625e:__getptd_noexit
           00404c5c:___crtFlsGetValue
      00409b93:__ismbblead
       00409b39:x_ismbbtype_l
        004027c2:_LocaleUpdate::_LocaleUpdate
         00406246:__getptd
          0040625e:__getptd_noexit
           00404c5c:___crtFlsGetValue
      00409b93:__ismbblead
       00409b39:x_ismbbtype_l
        004027c2:_LocaleUpdate::_LocaleUpdate
         00406246:__getptd
          0040625e:__getptd_noexit
           00404c5c:___crtFlsGetValue
      00409b93:__ismbblead
       00409b39:x_ismbbtype_l
        004027c2:_LocaleUpdate::_LocaleUpdate
         00406246:__getptd
          0040625e:__getptd_noexit
           00404c5c:___crtFlsGetValue
      00409b93:__ismbblead
       00409b39:x_ismbbtype_l
        004027c2:_LocaleUpdate::_LocaleUpdate
         00406246:__getptd
          0040625e:__getptd_noexit
           00404c5c:___crtFlsGetValue
      00409b93:__ismbblead
       00409b39:x_ismbbtype_l
        004027c2:_LocaleUpdate::_LocaleUpdate
         00406246:__getptd
          0040625e:__getptd_noexit
           00404c5c:___crtFlsGetValue
      00409b93:__ismbblead
       00409b39:x_ismbbtype_l
        004027c2:_LocaleUpdate::_LocaleUpdate
         00406246:__getptd
          0040625e:__getptd_noexit
           00404c5c:___crtFlsGetValue
      00409b93:__ismbblead
       00409b39:x_ismbbtype_l
        004027c2:_LocaleUpdate::_LocaleUpdate
         00406246:__getptd
          0040625e:__getptd_noexit
           00404c5c:___crtFlsGetValue
      00409b93:__ismbblead
       00409b39:x_ismbbtype_l
        004027c2:_LocaleUpdate::_LocaleUpdate
         00406246:__getptd
          0040625e:__getptd_noexit
           00404c5c:___crtFlsGetValue
      00409b93:__ismbblead
       00409b39:x_ismbbtype_l
        004027c2:_LocaleUpdate::_LocaleUpdate
         00406246:__getptd
          0040625e:__getptd_noexit
           00404c5c:___crtFlsGetValue
      00409b93:__ismbblead
       00409b39:x_ismbbtype_l
        004027c2:_LocaleUpdate::_LocaleUpdate
         00406246:__getptd
          0040625e:__getptd_noexit
           00404c5c:___crtFlsGetValue
      00409b93:__ismbblead
       00409b39:x_ismbbtype_l
        004027c2:_LocaleUpdate::_LocaleUpdate
         00406246:__getptd
          0040625e:__getptd_noexit
           00404c5c:___crtFlsGetValue
      00409b93:__ismbblead
       00409b39:x_ismbbtype_l
        004027c2:_LocaleUpdate::_LocaleUpdate
         00406246:__getptd
          0040625e:__getptd_noexit
           00404c5c:___crtFlsGetValue
      00409b93:__ismbblead
       00409b39:x_ismbbtype_l
        004027c2:_LocaleUpdate::_LocaleUpdate
         00406246:__getptd
          0040625e:__getptd_noexit
           00404c5c:___crtFlsGetValue
      00409b93:__ismbblead
       00409b39:x_ismbbtype_l
        004027c2:_LocaleUpdate::_LocaleUpdate
         00406246:__getptd
          0040625e:__getptd_noexit
           00404c5c:___crtFlsGetValue
      00409b93:__ismbblead
       00409b39:x_ismbbtype_l
        004027c2:_LocaleUpdate::_LocaleUpdate
         00406246:__getptd
          0040625e:__getptd_noexit
           00404c5c:___crtFlsGetValue
      00409b93:__ismbblead
       00409b39:x_ismbbtype_l
        004027c2:_LocaleUpdate::_LocaleUpdate
         00406246:__getptd
          0040625e:__getptd_noexit
           00404c5c:___crtFlsGetValue
      00409b93:__ismbblead
       00409b39:x_ismbbtype_l
        004027c2:_LocaleUpdate::_LocaleUpdate
         00406246:__getptd
          0040625e:__getptd_noexit
           00404c5c:___crtFlsGetValue
      00409b93:__ismbblead
       00409b39:x_ismbbtype_l
        004027c2:_LocaleUpdate::_LocaleUpdate
         00406246:__getptd
          0040625e:__getptd_noexit
           00404c5c:___crtFlsGetValue
      00409b93:__ismbblead
       00409b39:x_ismbbtype_l
        004027c2:_LocaleUpdate::_LocaleUpdate
         00406246:__getptd
          0040625e:__getptd_noexit
           00404c5c:___crtFlsGetValue
     004054c9:__malloc_crt
      004093fb:_malloc
     004064db:_parse_cmdline
      00409b93:__ismbblead
       00409b39:x_ismbbtype_l
        004027c2:_LocaleUpdate::_LocaleUpdate
         00406246:__getptd
          0040625e:__getptd_noexit
           00404c5c:___crtFlsGetValue
      00409b93:__ismbblead
       00409b39:x_ismbbtype_l
        004027c2:_LocaleUpdate::_LocaleUpdate
         00406246:__getptd
          0040625e:__getptd_noexit
           00404c5c:___crtFlsGetValue
      00409b93:__ismbblead
       00409b39:x_ismbbtype_l
        004027c2:_LocaleUpdate::_LocaleUpdate
         00406246:__getptd
          0040625e:__getptd_noexit
           00404c5c:___crtFlsGetValue
      00409b93:__ismbblead
       00409b39:x_ismbbtype_l
        004027c2:_LocaleUpdate::_LocaleUpdate
         00406246:__getptd
          0040625e:__getptd_noexit
           00404c5c:___crtFlsGetValue
      00409b93:__ismbblead
       00409b39:x_ismbbtype_l
        004027c2:_LocaleUpdate::_LocaleUpdate
         00406246:__getptd
          0040625e:__getptd_noexit
           00404c5c:___crtFlsGetValue
      00409b93:__ismbblead
       00409b39:x_ismbbtype_l
        004027c2:_LocaleUpdate::_LocaleUpdate
         00406246:__getptd
          0040625e:__getptd_noexit
           00404c5c:___crtFlsGetValue
      00409b93:__ismbblead
       00409b39:x_ismbbtype_l
        004027c2:_LocaleUpdate::_LocaleUpdate
         00406246:__getptd
          0040625e:__getptd_noexit
           00404c5c:___crtFlsGetValue
      00409b93:__ismbblead
       00409b39:x_ismbbtype_l
        004027c2:_LocaleUpdate::_LocaleUpdate
         00406246:__getptd
          0040625e:__getptd_noexit
           00404c5c:___crtFlsGetValue
      00409b93:__ismbblead
       00409b39:x_ismbbtype_l
        004027c2:_LocaleUpdate::_LocaleUpdate
         00406246:__getptd
          0040625e:__getptd_noexit
           00404c5c:___crtFlsGetValue
      00409b93:__ismbblead
       00409b39:x_ismbbtype_l
        004027c2:_LocaleUpdate::_LocaleUpdate
         00406246:__getptd
          0040625e:__getptd_noexit
           00404c5c:___crtFlsGetValue
      00409b93:__ismbblead
       00409b39:x_ismbbtype_l
        004027c2:_LocaleUpdate::_LocaleUpdate
         00406246:__getptd
          0040625e:__getptd_noexit
           00404c5c:___crtFlsGetValue
      00409b93:__ismbblead
       00409b39:x_ismbbtype_l
        004027c2:_LocaleUpdate::_LocaleUpdate
         00406246:__getptd
          0040625e:__getptd_noexit
           00404c5c:___crtFlsGetValue
      00409b93:__ismbblead
       00409b39:x_ismbbtype_l
        004027c2:_LocaleUpdate::_LocaleUpdate
         00406246:__getptd
          0040625e:__getptd_noexit
           00404c5c:___crtFlsGetValue
      00409b93:__ismbblead
       00409b39:x_ismbbtype_l
        004027c2:_LocaleUpdate::_LocaleUpdate
         00406246:__getptd
          0040625e:__getptd_noexit
           00404c5c:___crtFlsGetValue
      00409b93:__ismbblead
       00409b39:x_ismbbtype_l
        004027c2:_LocaleUpdate::_LocaleUpdate
         00406246:__getptd
          0040625e:__getptd_noexit
           00404c5c:___crtFlsGetValue
      00409b93:__ismbblead
       00409b39:x_ismbbtype_l
        004027c2:_LocaleUpdate::_LocaleUpdate
         00406246:__getptd
          0040625e:__getptd_noexit
           00404c5c:___crtFlsGetValue
      00409b93:__ismbblead
       00409b39:x_ismbbtype_l
        004027c2:_LocaleUpdate::_LocaleUpdate
         00406246:__getptd
          0040625e:__getptd_noexit
           00404c5c:___crtFlsGetValue
      00409b93:__ismbblead
       00409b39:x_ismbbtype_l
        004027c2:_LocaleUpdate::_LocaleUpdate
         00406246:__getptd
          0040625e:__getptd_noexit
           00404c5c:___crtFlsGetValue
      00409b93:__ismbblead
       00409b39:x_ismbbtype_l
        004027c2:_LocaleUpdate::_LocaleUpdate
         00406246:__getptd
          0040625e:__getptd_noexit
           00404c5c:___crtFlsGetValue
      00409b93:__ismbblead
       00409b39:x_ismbbtype_l
        004027c2:_LocaleUpdate::_LocaleUpdate
         00406246:__getptd
          0040625e:__getptd_noexit
           00404c5c:___crtFlsGetValue
      00409b93:__ismbblead
       00409b39:x_ismbbtype_l
        004027c2:_LocaleUpdate::_LocaleUpdate
         00406246:__getptd
          0040625e:__getptd_noexit
           00404c5c:___crtFlsGetValue
      00409b93:__ismbblead
       00409b39:x_ismbbtype_l
        004027c2:_LocaleUpdate::_LocaleUpdate
         00406246:__getptd
          0040625e:__getptd_noexit
           00404c5c:___crtFlsGetValue
      00409b93:__ismbblead
       00409b39:x_ismbbtype_l
        004027c2:_LocaleUpdate::_LocaleUpdate
         00406246:__getptd
          0040625e:__getptd_noexit
           00404c5c:___crtFlsGetValue
      00409b93:__ismbblead
       00409b39:x_ismbbtype_l
        004027c2:_LocaleUpdate::_LocaleUpdate
         00406246:__getptd
          0040625e:__getptd_noexit
           00404c5c:___crtFlsGetValue
      00409b93:__ismbblead
       00409b39:x_ismbbtype_l
        004027c2:_LocaleUpdate::_LocaleUpdate
         00406246:__getptd
          0040625e:__getptd_noexit
           00404c5c:___crtFlsGetValue
      00409b93:__ismbblead
       00409b39:x_ismbbtype_l
        004027c2:_LocaleUpdate::_LocaleUpdate
         00406246:__getptd
          0040625e:__getptd_noexit
           00404c5c:___crtFlsGetValue
      00409b93:__ismbblead
       00409b39:x_ismbbtype_l
        004027c2:_LocaleUpdate::_LocaleUpdate
         00406246:__getptd
          0040625e:__getptd_noexit
           00404c5c:___crtFlsGetValue
      00409b93:__ismbblead
       00409b39:x_ismbbtype_l
        004027c2:_LocaleUpdate::_LocaleUpdate
         00406246:__getptd
          0040625e:__getptd_noexit
           00404c5c:___crtFlsGetValue
      00409b93:__ismbblead
       00409b39:x_ismbbtype_l
        004027c2:_LocaleUpdate::_LocaleUpdate
         00406246:__getptd
          0040625e:__getptd_noexit
           00404c5c:___crtFlsGetValue
      00409b93:__ismbblead
       00409b39:x_ismbbtype_l
        004027c2:_LocaleUpdate::_LocaleUpdate
         00406246:__getptd
          0040625e:__getptd_noexit
           00404c5c:___crtFlsGetValue
      00409b93:__ismbblead
       00409b39:x_ismbbtype_l
        004027c2:_LocaleUpdate::_LocaleUpdate
         00406246:__getptd
          0040625e:__getptd_noexit
           00404c5c:___crtFlsGetValue
    00406657:__setenvp
     00408c90:_strlen
     00408c90:_strlen
     00408c90:_strlen
     00408c90:_strlen
     00408c90:_strlen
     00408c90:_strlen
     00408c90:_strlen
     00408c90:_strlen
     00408c90:_strlen
     00408c90:_strlen
     00408c90:_strlen
     00408c90:_strlen
     00408c90:_strlen
     00408c90:_strlen
     00408c90:_strlen
     00408c90:_strlen
     00408c90:_strlen
     00408c90:_strlen
     00408c90:_strlen
     00408c90:_strlen
     00408c90:_strlen
     00408c90:_strlen
     00408c90:_strlen
     00408c90:_strlen
     00408c90:_strlen
     00408c90:_strlen
     00408c90:_strlen
     00408c90:_strlen
     00408c90:_strlen
     00408c90:_strlen
     00408c90:_strlen
     00408c90:_strlen
     00408c90:_strlen
     00408c90:_strlen
     00408c90:_strlen
     00408c90:_strlen
     00408c90:_strlen
     00408c90:_strlen
     00408c90:_strlen
     00408c90:_strlen
     00408c90:_strlen
     00408c90:_strlen
     00408c90:_strlen
     00408c90:_strlen
     00408c90:_strlen
     00405481:__calloc_crt
      004095a1:__calloc_impl
     00408c90:_strlen
     00408c90:_strlen
     00408c90:_strlen
     00408c90:_strlen
     00405481:__calloc_crt
      004095a1:__calloc_impl
     00409ba9:_strcpy_s
     00408c90:_strlen
     00405481:__calloc_crt
      004095a1:__calloc_impl
     00409ba9:_strcpy_s
     00408c90:_strlen
     00405481:__calloc_crt
      004095a1:__calloc_impl
     00409ba9:_strcpy_s
     00408c90:_strlen
     00405481:__calloc_crt
      004095a1:__calloc_impl
     00409ba9:_strcpy_s
     00408c90:_strlen
     00405481:__calloc_crt
      004095a1:__calloc_impl
     00409ba9:_strcpy_s
     00408c90:_strlen
     00405481:__calloc_crt
      004095a1:__calloc_impl
     00409ba9:_strcpy_s
     00408c90:_strlen
     00405481:__calloc_crt
      004095a1:__calloc_impl
     00409ba9:_strcpy_s
     00408c90:_strlen
     00405481:__calloc_crt
      004095a1:__calloc_impl
     00409ba9:_strcpy_s
     00408c90:_strlen
     00405481:__calloc_crt
      004095a1:__calloc_impl
     00409ba9:_strcpy_s
     00408c90:_strlen
     00405481:__calloc_crt
      004095a1:__calloc_impl
     00409ba9:_strcpy_s
     00408c90:_strlen
     00405481:__calloc_crt
      004095a1:__calloc_impl
     00409ba9:_strcpy_s
     00408c90:_strlen
     00405481:__calloc_crt
      004095a1:__calloc_impl
     00409ba9:_strcpy_s
     00408c90:_strlen
     00405481:__calloc_crt
      004095a1:__calloc_impl
     00409ba9:_strcpy_s
     00408c90:_strlen
     00405481:__calloc_crt
      004095a1:__calloc_impl
     00409ba9:_strcpy_s
     00408c90:_strlen
     00405481:__calloc_crt
      004095a1:__calloc_impl
     00409ba9:_strcpy_s
     00408c90:_strlen
     00405481:__calloc_crt
      004095a1:__calloc_impl
     00409ba9:_strcpy_s
     00408c90:_strlen
     00405481:__calloc_crt
      004095a1:__calloc_impl
     00409ba9:_strcpy_s
     00408c90:_strlen
     00405481:__calloc_crt
      004095a1:__calloc_impl
     00409ba9:_strcpy_s
     00408c90:_strlen
     00405481:__calloc_crt
      004095a1:__calloc_impl
     00409ba9:_strcpy_s
     00408c90:_strlen
     00405481:__calloc_crt
      004095a1:__calloc_impl
     00409ba9:_strcpy_s
     00408c90:_strlen
     00405481:__calloc_crt
      004095a1:__calloc_impl
     00409ba9:_strcpy_s
     00408c90:_strlen
     00405481:__calloc_crt
      004095a1:__calloc_impl
     00409ba9:_strcpy_s
     00408c90:_strlen
     00405481:__calloc_crt
      004095a1:__calloc_impl
     00409ba9:_strcpy_s
     00408c90:_strlen
     00405481:__calloc_crt
      004095a1:__calloc_impl
     00409ba9:_strcpy_s
     00408c90:_strlen
     00405481:__calloc_crt
      004095a1:__calloc_impl
     00409ba9:_strcpy_s
     00408c90:_strlen
     00405481:__calloc_crt
      004095a1:__calloc_impl
     00409ba9:_strcpy_s
     00408c90:_strlen
     00405481:__calloc_crt
      004095a1:__calloc_impl
     00409ba9:_strcpy_s
     00408c90:_strlen
     00405481:__calloc_crt
      004095a1:__calloc_impl
     00409ba9:_strcpy_s
     00408c90:_strlen
     00405481:__calloc_crt
      004095a1:__calloc_impl
     00409ba9:_strcpy_s
     00408c90:_strlen
     00405481:__calloc_crt
      004095a1:__calloc_impl
     00409ba9:_strcpy_s
     00408c90:_strlen
     00405481:__calloc_crt
      004095a1:__calloc_impl
     00409ba9:_strcpy_s
     00408c90:_strlen
     00405481:__calloc_crt
      004095a1:__calloc_impl
     00409ba9:_strcpy_s
     00408c90:_strlen
     00405481:__calloc_crt
      004095a1:__calloc_impl
     00409ba9:_strcpy_s
     00408c90:_strlen
     00405481:__calloc_crt
      004095a1:__calloc_impl
     00409ba9:_strcpy_s
     00408c90:_strlen
     00405481:__calloc_crt
      004095a1:__calloc_impl
     00409ba9:_strcpy_s
     00408c90:_strlen
     00405481:__calloc_crt
      004095a1:__calloc_impl
     00409ba9:_strcpy_s
     00408c90:_strlen
     00405481:__calloc_crt
      004095a1:__calloc_impl
     00409ba9:_strcpy_s
     00408c90:_strlen
     00405481:__calloc_crt
      004095a1:__calloc_impl
     00409ba9:_strcpy_s
     00408c90:_strlen
     00405481:__calloc_crt
      004095a1:__calloc_impl
     00409ba9:_strcpy_s
     00408c90:_strlen
     00405481:__calloc_crt
      004095a1:__calloc_impl
     00409ba9:_strcpy_s
     00408c90:_strlen
     00405481:__calloc_crt
      004095a1:__calloc_impl
     00409ba9:_strcpy_s
     00408c90:_strlen
     00405481:__calloc_crt
      004095a1:__calloc_impl
     00409ba9:_strcpy_s
     00401ed2:_free
    004015a1:__cinit
     00405250:__IsNonwritableInCurrentImage
      00405310:__ValidateImageBase
      00405200:__FindPESection
     0040bfda:__fpmath
      0040bff1:__cfltcvt_init
      0040dd8a:__setdefaultprecision
       0040ea2f:__controlfp_s
        0040f509:__control87
     004055a8:__initp_misc_cfltcvt_tab
     004016a7:__initterm_e
  00401b5f:___initstdio
   00405481:__calloc_crt
    004095a1:__calloc_impl
  004016be:__initterm_e
  00405341:___onexitinit
   00405481:__calloc_crt
    004095a1:__calloc_impl
  004016be:__initterm_e
  00405877:___initmbctable
  004016be:__initterm_e
  00409dfe:___isa_available_init
   0040f918:IsProcessorFeaturePresent
  004016be:__initterm_e
  00405fa8:sub_405FA8
   00404f96:___crtSetUnhandledExceptionFilter
  004016be:__initterm_e
  004015da:__cinit
   0040546c:_atexit
    00405370:__onexit
     004020e0:__SEH_prolog4
     004016c9:__lockexit
      00404aa0:__lock
     004053b4:__onexit_nolock
      004093ca:__msize
     004016d2:__unlockexit
      00404c0a:__unlock
     00402125:__SEH_epilog4
   00401671:__initterm
  004018f4:___tmainCRTStartup
   00401040:_main
    00401275:_fopen
     004011b1:__fsopen
      004020e0:__SEH_prolog4
      004022d4:__getstream
       004020e0:__SEH_prolog4
       00404aa0:__lock
       00404b28:__mtinitlocknum
        004020e0:__SEH_prolog4
        004054c9:__malloc_crt
         004093fb:_malloc
        00404aa0:__lock
        00404c9d:___crtInitializeCriticalSectionEx
        00404c0a:__unlock
        00402125:__SEH_epilog4
       00401c3e:__lock_file2
        00404aa0:__lock
       00404c0a:__unlock
       00402125:__SEH_epilog4
      004023f3:__openfile
       0040791d:__sopen_s
        00407806:__sopen_helper
         004020e0:__SEH_prolog4
         004078cf:__sopen_nolock
          0040146b:___copy_path_to_wide_string
           00404ccb:___crtIsPackagedApp
           004054c9:__malloc_crt
            004093fb:_malloc
          0040a1e3:__wsopen_nolock
           0040bbc8:sub_40BBC8
           00406a8b:__alloc_osfhnd
            004020e0:__SEH_prolog4
            00404b28:__mtinitlocknum
             004020e0:__SEH_prolog4
             00402125:__SEH_epilog4
            00404aa0:__lock
            00404aa0:__lock
            00404c9d:___crtInitializeCriticalSectionEx
            00404c0a:__unlock
            00404c0a:__unlock
            00402125:__SEH_epilog4
           0040a15b:___createFile
            00404ccb:___crtIsPackagedApp
           00406d21:__set_osfhnd
          00401ed2:_free
         00406da3:__unlock_fhandle
         00402125:__SEH_epilog4
      00401c6e:__unlock_file
       00404c0a:__unlock
      00402125:__SEH_epilog4
    0040128a:unknown_libname_1
     004012a8:_vfscanf_fn
      004020e0:__SEH_prolog4
      00401bff:__lock_file
       00404aa0:__lock
      00401b3b:__fileno
     004028ec:__input_l
      00401b3b:__fileno
      004027c2:_LocaleUpdate::_LocaleUpdate
       00406246:__getptd
        0040625e:__getptd_noexit
         00404c5c:___crtFlsGetValue
      004083f9:_isspace
      004083ce:_isdigit
      00403a3b:__whiteout
       004028ca:unknown_libname_2
        00407d77:__filbuf
         0040b37a:__getbuf
          004054c9:__malloc_crt
           004093fb:_malloc
         00401b3b:__fileno
         0040aad4:__read
          004020e0:__SEH_prolog4
          004069fd:___lock_fhandle
           004020e0:__SEH_prolog4
           00402125:__SEH_epilog4
          0040abe9:__read_nolock
           00408c34:__isatty
          00406da3:__unlock_fhandle
          00402125:__SEH_epilog4
         00401b3b:__fileno
         00401b3b:__fileno
         00401b3b:__fileno
         00401b3b:__fileno
       004083f9:_isspace
      004083ce:_isdigit
      004028ca:unknown_libname_2
      004083ce:_isdigit
      004028ca:unknown_libname_2
      004083ce:_isdigit
      004028ca:unknown_libname_2
      004083ce:_isdigit
      00407e98:__ungetc_nolock
       00401b3b:__fileno
      004068b6:__security_check_cookie
  0040137d:_vfscanf_fn
   00401c6e:__unlock_file
    00404c0a:__unlock
   00402125:__SEH_epilog4
  004012a3:unknown_libname_1
  00401090:_main
   004013bc:_printf
    004020e0:__SEH_prolog4
    00401bf9:sub_401BF9
    00401c3e:__lock_file2
     00404aa0:__lock
    00401bf9:sub_401BF9
    00403d4e:__stbuf
     00401b3b:__fileno
     00408c34:__isatty
     00401bf9:sub_401BF9
     004054c9:__malloc_crt
      004093fb:_malloc
    00401bf9:sub_401BF9
    00403df4:__output_l
     004027c2:_LocaleUpdate::_LocaleUpdate
      00406246:__getptd
       0040625e:__getptd_noexit
        00404c5c:___crtFlsGetValue
     00401e7e:__errno
      0040625e:__getptd_noexit
       00404c5c:___crtFlsGetValue
     00401b3b:__fileno
     00408451:__isleadbyte_l
      004027c2:_LocaleUpdate::_LocaleUpdate
     00404974:_write_char
     00408451:__isleadbyte_l
      004027c2:_LocaleUpdate::_LocaleUpdate
     00404974:_write_char
     00408451:__isleadbyte_l
      004027c2:_LocaleUpdate::_LocaleUpdate
     00404974:_write_char
     00408451:__isleadbyte_l
      004027c2:_LocaleUpdate::_LocaleUpdate
     00404974:_write_char
     00408451:__isleadbyte_l
      004027c2:_LocaleUpdate::_LocaleUpdate
     00404974:_write_char
     00408451:__isleadbyte_l
      004027c2:_LocaleUpdate::_LocaleUpdate
     00404974:_write_char
     00408451:__isleadbyte_l
      004027c2:_LocaleUpdate::_LocaleUpdate
     00404974:_write_char
     00408451:__isleadbyte_l
      004027c2:_LocaleUpdate::_LocaleUpdate
     00404974:_write_char
     00408451:__isleadbyte_l
      004027c2:_LocaleUpdate::_LocaleUpdate
     00404974:_write_char
     00408451:__isleadbyte_l
      004027c2:_LocaleUpdate::_LocaleUpdate
     00404974:_write_char
     00408451:__isleadbyte_l
      004027c2:_LocaleUpdate::_LocaleUpdate
     00404974:_write_char
     00408451:__isleadbyte_l
      004027c2:_LocaleUpdate::_LocaleUpdate
     00404974:_write_char
     00408451:__isleadbyte_l
      004027c2:_LocaleUpdate::_LocaleUpdate
     00404974:_write_char
     00408451:__isleadbyte_l
      004027c2:_LocaleUpdate::_LocaleUpdate
     00404974:_write_char
     00408451:__isleadbyte_l
      004027c2:_LocaleUpdate::_LocaleUpdate
     00404974:_write_char
     00408451:__isleadbyte_l
      004027c2:_LocaleUpdate::_LocaleUpdate
     00404974:_write_char
     00408451:__isleadbyte_l
      004027c2:_LocaleUpdate::_LocaleUpdate
     00404974:_write_char
     00408451:__isleadbyte_l
      004027c2:_LocaleUpdate::_LocaleUpdate
     00404974:_write_char
     00408451:__isleadbyte_l
      004027c2:_LocaleUpdate::_LocaleUpdate
     00404974:_write_char
     00408451:__isleadbyte_l
      004027c2:_LocaleUpdate::_LocaleUpdate
     00404974:_write_char
     004068b6:__security_check_cookie
    00401bf9:sub_401BF9
    00403d1d:__ftbuf
     00401f80:__flush
      00401b3b:__fileno
      00406eb2:__write
       004020e0:__SEH_prolog4
       004069fd:___lock_fhandle
        004020e0:__SEH_prolog4
        00402125:__SEH_epilog4
       00406fa1:__write_nolock
        0040a130:__alloca_probe
        00408c34:__isatty
        00406246:__getptd
         0040625e:__getptd_noexit
          00404c5c:___crtFlsGetValue
        004068b6:__security_check_cookie
       00406da3:__unlock_fhandle
       00402125:__SEH_epilog4
    00401bf9:sub_401BF9
    00401ca8:__unlock_file2
     00404c0a:__unlock
    00402125:__SEH_epilog4
   0040113a:_fclose
    004020e0:__SEH_prolog4
    00401bff:__lock_file
     00404aa0:__lock
    004010ce:__fclose_nolock
     00401f80:__flush
     00401f0a:__freebuf
      00401ed2:_free
     00401b3b:__fileno
     00401cd5:__close
      004020e0:__SEH_prolog4
      004069fd:___lock_fhandle
       004020e0:__SEH_prolog4
       00402125:__SEH_epilog4
      00401db0:__close_nolock
       00406cba:__get_osfhandle
       00406cba:__get_osfhandle
       00406c34:__free_osfhnd
      00406da3:__unlock_fhandle
      00402125:__SEH_epilog4
    00401c6e:__unlock_file
     00404c0a:__unlock
    00402125:__SEH_epilog4
  0040191c:___tmainCRTStartup
   0040180a:_exit
    004016db:_doexit
     004020e0:__SEH_prolog4
     00404aa0:__lock
  00404a80:sub_404A80
  00401772:_doexit
   00401671:__initterm
  0040b954:__locterm
   004020e0:__SEH_prolog4
   00402125:__SEH_epilog4
  0040169a:__initterm
  0040b9dc:sub_40B9DC
  0040169a:__initterm
  00401bd2:___endstdio
   00401fe4:sub_401FE4
    00401fed:_flsall
     004020e0:__SEH_prolog4
     00404aa0:__lock
     00401c3e:__lock_file2
      00404aa0:__lock
     00401f3a:__fflush_nolock
      00401f80:__flush
     00401ca8:__unlock_file2
      00404c0a:__unlock
     00401c3e:__lock_file2
      00404aa0:__lock
     00401f3a:__fflush_nolock
      00401f80:__flush
     00401ca8:__unlock_file2
      00404c0a:__unlock
     00401c3e:__lock_file2
      00404aa0:__lock
     00401f3a:__fflush_nolock
      00401f80:__flush
     00401ca8:__unlock_file2
      00404c0a:__unlock
     00404c0a:__unlock
     00402125:__SEH_epilog4
   00401ed2:_free
  0040169a:__initterm
  004017b6:_doexit
   00401671:__initterm
   00404c0a:__unlock
   00401551:___crtExitProcess
    0040151d:___crtCorExitProcess
